<?xml version="1.0" encoding="UTF-8"?>
<!-- Generated by org.testng.reporters.JUnitXMLReporter -->
<testsuite ignored="0" hostname="DESKTOP-A1OC3DI" failures="0" tests="6" name="Test" time="0.099" errors="0" timestamp="2021-09-04T13:23:08 IST">
  <testcase classname="automation.SeleniumTest" name="DeskAutomation" time="0.01"/>
  <testcase classname="automation.SeleniumTest" name="WebAutomation" time="0.001"/>
  <testcase classname="automation.RestAPITest" name="PostmanTest" time="0.0"/>
  <testcase classname="automation.RestAPITest" name="SoapTest" time="0.001"/>
  <testcase classname="automation.AppiumTest" name="AndroidTest" time="0.001"/>
  <testcase classname="automation.AppiumTest" name="IosApps" time="0.001"/>
</testsuite> <!-- Test -->
