<?xml version="1.0" encoding="UTF-8"?>
<testng-results ignored="0" total="6" passed="6" failed="0" skipped="0">
  <reporter-output>
  </reporter-output>
  <suite started-at="2021-09-04T13:23:08 IST" name="Suite" finished-at="2021-09-04T13:23:08 IST" duration-ms="99">
    <groups>
    </groups>
    <test started-at="2021-09-04T13:23:08 IST" name="Test" finished-at="2021-09-04T13:23:08 IST" duration-ms="99">
      <class name="automation.RestAPITest">
        <test-method signature="PostmanTest()[pri:0, instance:automation.RestAPITest@20d28811]" started-at="2021-09-04T13:23:08 IST" name="PostmanTest" finished-at="2021-09-04T13:23:08 IST" duration-ms="0" status="PASS">
          <reporter-output>
          </reporter-output>
        </test-method> <!-- PostmanTest -->
        <test-method signature="SoapTest()[pri:0, instance:automation.RestAPITest@20d28811]" started-at="2021-09-04T13:23:08 IST" name="SoapTest" finished-at="2021-09-04T13:23:08 IST" duration-ms="1" status="PASS">
          <reporter-output>
          </reporter-output>
        </test-method> <!-- SoapTest -->
      </class> <!-- automation.RestAPITest -->
      <class name="automation.AppiumTest">
        <test-method signature="AndroidTest()[pri:0, instance:automation.AppiumTest@3967e60c]" started-at="2021-09-04T13:23:08 IST" name="AndroidTest" finished-at="2021-09-04T13:23:08 IST" duration-ms="1" status="PASS">
          <reporter-output>
          </reporter-output>
        </test-method> <!-- AndroidTest -->
        <test-method signature="IosApps()[pri:0, instance:automation.AppiumTest@3967e60c]" started-at="2021-09-04T13:23:08 IST" name="IosApps" finished-at="2021-09-04T13:23:08 IST" duration-ms="1" status="PASS">
          <reporter-output>
          </reporter-output>
        </test-method> <!-- IosApps -->
      </class> <!-- automation.AppiumTest -->
      <class name="automation.SeleniumTest">
        <test-method signature="DeskAutomation()[pri:0, instance:automation.SeleniumTest@5e316c74]" started-at="2021-09-04T13:23:08 IST" name="DeskAutomation" finished-at="2021-09-04T13:23:08 IST" duration-ms="10" status="PASS">
          <reporter-output>
          </reporter-output>
        </test-method> <!-- DeskAutomation -->
        <test-method signature="WebAutomation()[pri:0, instance:automation.SeleniumTest@5e316c74]" started-at="2021-09-04T13:23:08 IST" name="WebAutomation" finished-at="2021-09-04T13:23:08 IST" duration-ms="1" status="PASS">
          <reporter-output>
          </reporter-output>
        </test-method> <!-- WebAutomation -->
      </class> <!-- automation.SeleniumTest -->
    </test> <!-- Test -->
  </suite> <!-- Suite -->
</testng-results>
