<?xml version="1.0" encoding="UTF-8"?>
<testng-results ignored="1" total="2" passed="1" failed="0" skipped="0">
  <reporter-output>
  </reporter-output>
  <suite started-at="2021-09-29T00:24:01 IST" name="Default suite" finished-at="2021-09-29T00:24:01 IST" duration-ms="113">
    <groups>
    </groups>
    <test started-at="2021-09-29T00:24:01 IST" name="Default test" finished-at="2021-09-29T00:24:01 IST" duration-ms="113">
      <class name="automation.RestAPITest">
        <test-method signature="PostmanTest()[pri:0, instance:automation.RestAPITest@4a7f959b]" started-at="2021-09-29T00:24:01 IST" name="PostmanTest" finished-at="2021-09-29T00:24:01 IST" duration-ms="23" status="PASS">
          <reporter-output>
          </reporter-output>
        </test-method> <!-- PostmanTest -->
      </class> <!-- automation.RestAPITest -->
    </test> <!-- Default test -->
  </suite> <!-- Default suite -->
</testng-results>
